<?xml version="1.0" encoding="UTF-8"?>
<testsuite name="TestSuite" time="3.213" tests="1" errors="0" skipped="0" failures="1">
  <properties>
[...]
</properties>
  <testcase name="feature" classname="runner.TestRunner" time="3.213">
    <failure message="java.lang.NullPointerException: null value in entry: url=null" type="cucumber.runtime.CucumberException"><![CDATA[cucumber.runtime.CucumberException: java.lang.NullPointerException: null value in entry: url=null
	at cucumber.api.testng.TestNGCucumberRunner.runCucumber(TestNGCucumberRunner.java:69)
	at runner.TestRunner.feature(TestRunner.java:28)
Caused by: java.lang.NullPointerException: null value in entry: url=null
	at com.google.common.collect.CollectPreconditions.checkEntryNotNull(CollectPreconditions.java:32)
	at com.google.common.collect.SingletonImmutableBiMap.<init>(SingletonImmutableBiMap.java:42)
	at com.google.common.collect.ImmutableBiMap.of(ImmutableBiMap.java:72)
	at com.google.common.collect.ImmutableMap.of(ImmutableMap.java:124)
	at org.openqa.selenium.remote.RemoteWebDriver.get(RemoteWebDriver.java:277)
	at stepDefinition.TravelMoneyStepDefinition.userNavigatesToCommbankHomepage(TravelMoneyStepDefinition.java:35)
	at ✽.Given User navigates to Commbank Homepage(TravelMoney.feature:5)
]]></failure>
    <system-out><![CDATA[[Parser] [WARN] Unknown value of attribute 'parallel' at suite level: 'class'.
@serviceNSW
Feature: Validate Commbank landing page

  Scenario:                                                      &amp#27;[90m# TravelMoney.feature:4&amp#27;[0m
    &amp#27;[31mGiven &amp#27;[0m&amp#27;[31mUser navigates to Commbank Homepage&amp#27;[0m                    &amp#27;[90m# TravelMoneyStepDefinition.userNavigatesToCommbankHomepage()&amp#27;[0m
      &amp#27;[31mjava.lang.NullPointerException: null value in entry: url=null
      	at com.google.common.collect.CollectPreconditions.checkEntryNotNull(CollectPreconditions.java:32)
      	at com.google.common.collect.SingletonImmutableBiMap.<init>(SingletonImmutableBiMap.java:42)
      	at com.google.common.collect.ImmutableBiMap.of(ImmutableBiMap.java:72)
      	at com.google.common.collect.ImmutableMap.of(ImmutableMap.java:124)
      	at org.openqa.selenium.remote.RemoteWebDriver.get(RemoteWebDriver.java:277)
      	at stepDefinition.TravelMoneyStepDefinition.userNavigatesToCommbankHomepage(TravelMoneyStepDefinition.java:35)
      	at ?.Given User navigates to Commbank Homepage(TravelMoney.feature:5)
      &amp#27;[0m
    &amp#27;[36mAnd &amp#27;[0m&amp#27;[36mValidate the navigation to Travel money overseas section&amp#27;[0m &amp#27;[90m# TravelMoneyStepDefinition.validate_the_travel_money_overseas_page()&amp#27;[0m
    &amp#27;[36mThen &amp#27;[0m&amp#27;[36mSubtopics exists in section&amp#27;[0m                             &amp#27;[90m# TravelMoneyStepDefinition.subtopicsExistsInSection()&amp#27;[0m
    &amp#27;[36mThen &amp#27;[0m&amp#27;[36mvalidate netbank details&amp#27;[0m                                &amp#27;[90m# TravelMoneyStepDefinition.validateNetbankDetails()&amp#27;[0m
]]></system-out>
    <system-err><![CDATA[Oct 21, 2019 10:22:53 PM org.openqa.selenium.remote.DesiredCapabilities chrome
INFO: Using `new ChromeOptions()` is preferred to `DesiredCapabilities.chrome()`
Starting ChromeDriver 77.0.3865.40 (f484704e052e0b556f8030b65b953dce96503217-refs/branch-heads/3865@{#442}) on port 25952
Only local connections are allowed.
Please protect ports used by ChromeDriver and related test frameworks to prevent access by malicious code.
Oct 21, 2019 10:22:56 PM org.openqa.selenium.remote.ProtocolHandshake createSession
INFO: Detected dialect: W3C
]]></system-err>
  </testcase>
</testsuite>