<?xml version="1.0" encoding="UTF-8"?>
<!-- Generated by org.testng.reporters.JUnitXMLReporter -->
<testsuite hostname="DESKTOP-O07U3IV" failures="1" tests="1" name="Cucumber Execution Result" time="3.622" errors="0" timestamp="21 Oct 2019 11:22:56 GMT">
  <testcase classname="runner.TestRunner" name="feature" time="3.204">
    <failure type="cucumber.runtime.CucumberException" message="java.lang.NullPointerException: null value in entry: url=null">
      <![CDATA[cucumber.runtime.CucumberException: java.lang.NullPointerException: null value in entry: url=null
	at cucumber.api.testng.TestNGCucumberRunner.runCucumber(TestNGCucumberRunner.java:69)
	at runner.TestRunner.feature(TestRunner.java:28)
Caused by: java.lang.NullPointerException: null value in entry: url=null
	at com.google.common.collect.CollectPreconditions.checkEntryNotNull(CollectPreconditions.java:32)
	at com.google.common.collect.SingletonImmutableBiMap.<init>(SingletonImmutableBiMap.java:42)
	at com.google.common.collect.ImmutableBiMap.of(ImmutableBiMap.java:72)
	at com.google.common.collect.ImmutableMap.of(ImmutableMap.java:124)
	at org.openqa.selenium.remote.RemoteWebDriver.get(RemoteWebDriver.java:277)
	at stepDefinition.TravelMoneyStepDefinition.userNavigatesToCommbankHomepage(TravelMoneyStepDefinition.java:35)
	at ✽.Given User navigates to Commbank Homepage(TravelMoney.feature:5)
... Removed 27 stack frames]]>
    </failure>
  </testcase> <!-- feature -->
</testsuite> <!-- Cucumber Execution Result -->
